The system is: Windows - 10.0.19041 - AMD64
Compiling the C compiler identification source file "CMakeCCompilerId.c" succeeded.
Compiler: D:/Programs/Visual Studio/VC/Tools/MSVC/14.27.29110/bin/Hostx64/x64/cl.exe 
Build flags: 
Id flags:  

The output was:
0
Microsoft (R) C/C++ Optimizing Compiler Version 19.27.29112 for x64
Copyright (C) Microsoft Corporation.  All rights reserved.

CMakeCCompilerId.c
Microsoft (R) Incremental Linker Version 14.27.29112.0
Copyright (C) Microsoft Corporation.  All rights reserved.

/out:CMakeCCompilerId.exe 
CMakeCCompilerId.obj 


Compilation of the C compiler identification source "CMakeCCompilerId.c" produced "CMakeCCompilerId.exe"

Compilation of the C compiler identification source "CMakeCCompilerId.c" produced "CMakeCCompilerId.obj"

The C compiler identification is MSVC, found in "D:/Data/CProjects/GC-/out/build/x64-Debug (default)/CMakeFiles/3.17.20032601-MSVC_2/CompilerIdC/CMakeCCompilerId.exe"

Compiling the CXX compiler identification source file "CMakeCXXCompilerId.cpp" succeeded.
Compiler: D:/Programs/Visual Studio/VC/Tools/MSVC/14.27.29110/bin/Hostx64/x64/cl.exe 
Build flags: 
Id flags:  

The output was:
0
Microsoft (R) C/C++ Optimizing Compiler Version 19.27.29112 for x64
Copyright (C) Microsoft Corporation.  All rights reserved.

CMakeCXXCompilerId.cpp
Microsoft (R) Incremental Linker Version 14.27.29112.0
Copyright (C) Microsoft Corporation.  All rights reserved.

/out:CMakeCXXCompilerId.exe 
CMakeCXXCompilerId.obj 


Compilation of the CXX compiler identification source "CMakeCXXCompilerId.cpp" produced "CMakeCXXCompilerId.exe"

Compilation of the CXX compiler identification source "CMakeCXXCompilerId.cpp" produced "CMakeCXXCompilerId.obj"

The CXX compiler identification is MSVC, found in "D:/Data/CProjects/GC-/out/build/x64-Debug (default)/CMakeFiles/3.17.20032601-MSVC_2/CompilerIdCXX/CMakeCXXCompilerId.exe"

Determining if the C compiler works passed with the following output:
Change Dir: D:/Data/CProjects/GC-/out/build/x64-Debug (default)/CMakeFiles/CMakeTmp

Run Build Command(s):D:/Programs/Visual Studio/Common7/IDE/CommonExtensions/Microsoft/CMake/Ninja/ninja.exe cmTC_bbbf6 && [1/2] Building C object CMakeFiles\cmTC_bbbf6.dir\testCCompiler.c.obj
[2/2] Linking C executable cmTC_bbbf6.exe



Detecting C compiler ABI info compiled with the following output:
Change Dir: D:/Data/CProjects/GC-/out/build/x64-Debug (default)/CMakeFiles/CMakeTmp

Run Build Command(s):D:/Programs/Visual Studio/Common7/IDE/CommonExtensions/Microsoft/CMake/Ninja/ninja.exe cmTC_dd13b && [1/2] Building C object CMakeFiles\cmTC_dd13b.dir\CMakeCCompilerABI.c.obj
[2/2] Linking C executable cmTC_dd13b.exe



Determining if the CXX compiler works passed with the following output:
Change Dir: D:/Data/CProjects/GC-/out/build/x64-Debug (default)/CMakeFiles/CMakeTmp

Run Build Command(s):D:/Programs/Visual Studio/Common7/IDE/CommonExtensions/Microsoft/CMake/Ninja/ninja.exe cmTC_fdddc && [1/2] Building CXX object CMakeFiles\cmTC_fdddc.dir\testCXXCompiler.cxx.obj
[2/2] Linking CXX executable cmTC_fdddc.exe



Detecting CXX compiler ABI info compiled with the following output:
Change Dir: D:/Data/CProjects/GC-/out/build/x64-Debug (default)/CMakeFiles/CMakeTmp

Run Build Command(s):D:/Programs/Visual Studio/Common7/IDE/CommonExtensions/Microsoft/CMake/Ninja/ninja.exe cmTC_80d0b && [1/2] Building CXX object CMakeFiles\cmTC_80d0b.dir\CMakeCXXCompilerABI.cpp.obj
[2/2] Linking CXX executable cmTC_80d0b.exe



